#
# There is insufficient memory for the Java Runtime Environment to continue.
# Native memory allocation (malloc) failed to allocate 451056 bytes for Chunk::new
# Possible reasons:
#   The system is out of physical RAM or swap space
#   The process is running with CompressedOops enabled, and the Java Heap may be blocking the growth of the native heap
# Possible solutions:
#   Reduce memory load on the system
#   Increase physical memory or swap space
#   Check if swap backing store is full
#   Decrease Java heap size (-Xmx/-Xms)
#   Decrease number of Java threads
#   Decrease Java thread stack sizes (-Xss)
#   Set larger code cache with -XX:ReservedCodeCacheSize=
#   JVM is running with Unscaled Compressed Oops mode in which the Java heap is
#     placed in the first 4GB address space. The Java Heap base address is the
#     maximum limit for the native heap growth. Please use -XX:HeapBaseMinAddress
#     to set the Java Heap base and to place the Java Heap above 4GB virtual address.
# This output file may be truncated or incomplete.
#
#  Out of Memory Error (./open/src/hotspot/share/memory/arena.cpp:197), pid=10620, tid=12268
#
# JRE version: Java(TM) SE Runtime Environment 18.9 (11.0.15+8) (build 11.0.15+8-LTS-149)
# Java VM: Java HotSpot(TM) 64-Bit Server VM 18.9 (11.0.15+8-LTS-149, mixed mode, tiered, compressed oops, g1 gc, windows-amd64)
# No core dump will be written. Minidumps are not enabled by default on client versions of Windows
#

---------------  S U M M A R Y ------------

Command Line: -javaagent:C:\Program Files\JetBrains\IntelliJ IDEA Community Edition 2022.2.1\lib\idea_rt.jar=54155:C:\Program Files\JetBrains\IntelliJ IDEA Community Edition 2022.2.1\bin -Dfile.encoding=UTF-8 com.training.springboot.SpringbootDemoApplication

Host: Intel(R) Xeon(R) Platinum 8272CL CPU @ 2.60GHz, 2 cores, 7G,  Windows 10 , 64 bit Build 19041 (10.0.19041.1889)
Time: Fri Sep  2 05:37:32 2022 Coordinated Universal Time elapsed time: 1447.198983 seconds (0d 0h 24m 7s)

---------------  T H R E A D  ---------------

Current thread (0x000002044a538800):  JavaThread "C2 CompilerThread0" daemon [_thread_in_native, id=12268, stack(0x000000f7d3400000,0x000000f7d3500000)]


Current CompileTask:
C2:1447199 4894       4       org.bson.BsonBinaryReader::readBsonType (349 bytes)

Stack: [0x000000f7d3400000,0x000000f7d3500000]
Native frames: (J=compiled Java code, j=interpreted, Vv=VM code, C=native code)
V  [jvm.dll+0x629d8a]
V  [jvm.dll+0x7638ff]
V  [jvm.dll+0x764fa9]
V  [jvm.dll+0x765633]
V  [jvm.dll+0x23d9c8]
V  [jvm.dll+0xb2a1c]
V  [jvm.dll+0xb2fdc]
V  [jvm.dll+0x341002]
V  [jvm.dll+0x30e9b3]
V  [jvm.dll+0x30dcfa]
V  [jvm.dll+0x1f8565]
V  [jvm.dll+0x1f774d]
V  [jvm.dll+0x177c51]
V  [jvm.dll+0x207026]
V  [jvm.dll+0x2051bb]
V  [jvm.dll+0x729820]
V  [jvm.dll+0x7223f4]
V  [jvm.dll+0x628c26]
C  [ucrtbase.dll+0x21bb2]
C  [KERNEL32.DLL+0x17034]
C  [ntdll.dll+0x52651]


---------------  P R O C E S S  ---------------

Threads class SMR info:
_java_thread_list=0x000002044f7515c0, length=30, elements={
0x000002044a508000, 0x000002044a509800, 0x000002044adb2800, 0x000002044a530800,
0x000002044a533800, 0x000002044a538800, 0x000002044a56e000, 0x000002044ade6800,
0x000002044aedc000, 0x000002044afb5800, 0x000002044c2a3000, 0x000002044eefe800,
0x000002044b738800, 0x000002044b739000, 0x000002044c273000, 0x000002044c6ec800,
0x000002044b0a4800, 0x000002044b0a3000, 0x000002044b0a5800, 0x000002044b0a6000,
0x000002044b0a7000, 0x000002044b0a8000, 0x000002044b0a8800, 0x000002044b0a9800,
0x000002044b0a3800, 0x000002044e9fd000, 0x000002044e9fe000, 0x000002044e9ff000,
0x000002044e9ff800, 0x000002044ea00800
}

Java Threads: ( => current thread )
  0x000002044a508000 JavaThread "Reference Handler" daemon [_thread_blocked, id=5624, stack(0x000000f7d2f00000,0x000000f7d3000000)]
  0x000002044a509800 JavaThread "Finalizer" daemon [_thread_blocked, id=5884, stack(0x000000f7d3000000,0x000000f7d3100000)]
  0x000002044adb2800 JavaThread "Signal Dispatcher" daemon [_thread_blocked, id=9912, stack(0x000000f7d3100000,0x000000f7d3200000)]
  0x000002044a530800 JavaThread "Attach Listener" daemon [_thread_blocked, id=9472, stack(0x000000f7d3200000,0x000000f7d3300000)]
  0x000002044a533800 JavaThread "Service Thread" daemon [_thread_blocked, id=5576, stack(0x000000f7d3300000,0x000000f7d3400000)]
=>0x000002044a538800 JavaThread "C2 CompilerThread0" daemon [_thread_in_native, id=12268, stack(0x000000f7d3400000,0x000000f7d3500000)]
  0x000002044a56e000 JavaThread "C1 CompilerThread0" daemon [_thread_blocked, id=11048, stack(0x000000f7d3500000,0x000000f7d3600000)]
  0x000002044ade6800 JavaThread "Sweeper thread" daemon [_thread_blocked, id=7996, stack(0x000000f7d3600000,0x000000f7d3700000)]
  0x000002044aedc000 JavaThread "Common-Cleaner" daemon [_thread_blocked, id=8824, stack(0x000000f7d3700000,0x000000f7d3800000)]
  0x000002044afb5800 JavaThread "Monitor Ctrl-Break" daemon [_thread_in_native, id=1760, stack(0x000000f7d3800000,0x000000f7d3900000)]
  0x000002044c2a3000 JavaThread "Catalina-utility-1" [_thread_blocked, id=440, stack(0x000000f7d3d00000,0x000000f7d3e00000)]
  0x000002044eefe800 JavaThread "Catalina-utility-2" [_thread_blocked, id=9336, stack(0x000000f7d3e00000,0x000000f7d3f00000)]
  0x000002044b738800 JavaThread "container-0" [_thread_blocked, id=4740, stack(0x000000f7d3f00000,0x000000f7d4000000)]
  0x000002044b739000 JavaThread "cluster-ClusterId{value='631190fbb955ec16988effa9', description='null'}-localhost:27017" daemon [_thread_in_native, id=7004, stack(0x000000f7d4000000,0x000000f7d4100000)]
  0x000002044c273000 JavaThread "cluster-rtt-ClusterId{value='631190fbb955ec16988effa9', description='null'}-localhost:27017" daemon [_thread_blocked, id=12140, stack(0x000000f7d4100000,0x000000f7d4200000)]
  0x000002044c6ec800 JavaThread "MaintenanceTimer-1-thread-1" daemon [_thread_blocked, id=3908, stack(0x000000f7d4300000,0x000000f7d4400000)]
  0x000002044b0a4800 JavaThread "File Watcher" daemon [_thread_blocked, id=4816, stack(0x000000f7d4400000,0x000000f7d4500000)]
  0x000002044b0a3000 JavaThread "http-nio-8632-Poller" daemon [_thread_in_native, id=12172, stack(0x000000f7d4500000,0x000000f7d4600000)]
  0x000002044b0a5800 JavaThread "http-nio-8632-Acceptor" daemon [_thread_in_native, id=7052, stack(0x000000f7d4600000,0x000000f7d4700000)]
  0x000002044b0a6000 JavaThread "DestroyJavaVM" [_thread_blocked, id=9888, stack(0x000000f7d2700000,0x000000f7d2800000)]
  0x000002044b0a7000 JavaThread "http-nio-8632-exec-1" daemon [_thread_blocked, id=5696, stack(0x000000f7d2600000,0x000000f7d2700000)]
  0x000002044b0a8000 JavaThread "http-nio-8632-exec-2" daemon [_thread_blocked, id=11636, stack(0x000000f7d2800000,0x000000f7d2900000)]
  0x000002044b0a8800 JavaThread "http-nio-8632-exec-3" daemon [_thread_blocked, id=12112, stack(0x000000f7d3c00000,0x000000f7d3d00000)]
  0x000002044b0a9800 JavaThread "http-nio-8632-exec-4" daemon [_thread_blocked, id=3060, stack(0x000000f7d4200000,0x000000f7d4300000)]
  0x000002044b0a3800 JavaThread "http-nio-8632-exec-5" daemon [_thread_blocked, id=4108, stack(0x000000f7d4700000,0x000000f7d4800000)]
  0x000002044e9fd000 JavaThread "http-nio-8632-exec-6" daemon [_thread_blocked, id=10900, stack(0x000000f7d4a00000,0x000000f7d4b00000)]
  0x000002044e9fe000 JavaThread "http-nio-8632-exec-7" daemon [_thread_blocked, id=11036, stack(0x000000f7d3b00000,0x000000f7d3c00000)]
  0x000002044e9ff000 JavaThread "http-nio-8632-exec-8" daemon [_thread_blocked, id=8828, stack(0x000000f7d4800000,0x000000f7d4900000)]
  0x000002044e9ff800 JavaThread "http-nio-8632-exec-9" daemon [_thread_blocked, id=11624, stack(0x000000f7d4900000,0x000000f7d4a00000)]
  0x000002044ea00800 JavaThread "http-nio-8632-exec-10" daemon [_thread_blocked, id=5200, stack(0x000000f7d4b00000,0x000000f7d4c00000)]

Other Threads:
  0x000002044a51e800 VMThread "VM Thread" [stack: 0x000000f7d2e00000,0x000000f7d2f00000] [id=7832]
  0x000002044b2d0000 WatcherThread [stack: 0x000000f7d3900000,0x000000f7d3a00000] [id=2788]
  0x000002042d0d0800 GCTaskThread "GC Thread#0" [stack: 0x000000f7d2900000,0x000000f7d2a00000] [id=12032]
  0x000002044b32c000 GCTaskThread "GC Thread#1" [stack: 0x000000f7d3a00000,0x000000f7d3b00000] [id=4992]
  0x000002042d103000 ConcurrentGCThread "G1 Main Marker" [stack: 0x000000f7d2a00000,0x000000f7d2b00000] [id=10492]
  0x000002042d105000 ConcurrentGCThread "G1 Conc#0" [stack: 0x000000f7d2b00000,0x000000f7d2c00000] [id=10116]
  0x000002042d18c800 ConcurrentGCThread "G1 Refine#0" [stack: 0x000000f7d2c00000,0x000000f7d2d00000] [id=5152]
  0x000002042d18d800 ConcurrentGCThread "G1 Young RemSet Sampling" [stack: 0x000000f7d2d00000,0x000000f7d2e00000] [id=8996]

Threads with active compile tasks:
C2 CompilerThread01447220 4894       4       org.bson.BsonBinaryReader::readBsonType (349 bytes)

VM state:not at safepoint (normal execution)

VM Mutex/Monitor currently owned by a thread: None

Heap address: 0x0000000080000000, size: 2048 MB, Compressed Oops mode: 32-bit
Narrow klass base: 0x0000000000000000, Narrow klass shift: 3
Compressed class space size: 1073741824 Address: 0x0000000100000000

Heap:
 garbage-first heap   total 192512K, used 102441K [0x0000000080000000, 0x0000000100000000)
  region size 1024K, 94 young (96256K), 10 survivors (10240K)
 Metaspace       used 51460K, capacity 52976K, committed 53120K, reserved 1095680K
  class space    used 6322K, capacity 6967K, committed 7040K, reserved 1048576K
Heap Regions: E=young(eden), S=young(survivor), O=old, HS=humongous(starts), HC=humongous(continues), CS=collection set, F=free, A=archive, TAMS=top-at-mark-start (previous, next)
|   0|0x0000000080000000, 0x0000000080100000, 0x0000000080100000|100%| O|  |TAMS 0x0000000080100000, 0x0000000080000000| Untracked 
|   1|0x0000000080100000, 0x0000000080200000, 0x0000000080200000|100%| O|  |TAMS 0x0000000080200000, 0x0000000080100000| Untracked 
|   2|0x0000000080200000, 0x0000000080300000, 0x0000000080300000|100%| O|  |TAMS 0x0000000080300000, 0x0000000080200000| Untracked 
|   3|0x0000000080300000, 0x0000000080400000, 0x0000000080400000|100%| O|  |TAMS 0x0000000080400000, 0x0000000080300000| Untracked 
|   4|0x0000000080400000, 0x0000000080500000, 0x0000000080500000|100%| O|  |TAMS 0x0000000080500000, 0x0000000080400000| Untracked 
|   5|0x0000000080500000, 0x0000000080600000, 0x0000000080600000|100%| O|  |TAMS 0x0000000080600000, 0x0000000080500000| Untracked 
|   6|0x0000000080600000, 0x0000000080700000, 0x0000000080700000|100%| O|  |TAMS 0x0000000080639e00, 0x0000000080600000| Untracked 
|   7|0x0000000080700000, 0x0000000080711400, 0x0000000080800000|  6%| O|  |TAMS 0x0000000080700000, 0x0000000080700000| Untracked 
|   8|0x0000000080800000, 0x0000000080800000, 0x0000000080900000|  0%| F|  |TAMS 0x0000000080800000, 0x0000000080800000| Untracked 
|   9|0x0000000080900000, 0x0000000080900000, 0x0000000080a00000|  0%| F|  |TAMS 0x0000000080900000, 0x0000000080900000| Untracked 
|  10|0x0000000080a00000, 0x0000000080a00000, 0x0000000080b00000|  0%| F|  |TAMS 0x0000000080a00000, 0x0000000080a00000| Untracked 
|  11|0x0000000080b00000, 0x0000000080b00000, 0x0000000080c00000|  0%| F|  |TAMS 0x0000000080b00000, 0x0000000080b00000| Untracked 
|  12|0x0000000080c00000, 0x0000000080c00000, 0x0000000080d00000|  0%| F|  |TAMS 0x0000000080c00000, 0x0000000080c00000| Untracked 
|  13|0x0000000080d00000, 0x0000000080d00000, 0x0000000080e00000|  0%| F|  |TAMS 0x0000000080d00000, 0x0000000080d00000| Untracked 
|  14|0x0000000080e00000, 0x0000000080e00000, 0x0000000080f00000|  0%| F|  |TAMS 0x0000000080e00000, 0x0000000080e00000| Untracked 
|  15|0x0000000080f00000, 0x0000000080f00000, 0x0000000081000000|  0%| F|  |TAMS 0x0000000080f00000, 0x0000000080f00000| Untracked 
|  16|0x0000000081000000, 0x0000000081000000, 0x0000000081100000|  0%| F|  |TAMS 0x0000000081000000, 0x0000000081000000| Untracked 
|  17|0x0000000081100000, 0x0000000081100000, 0x0000000081200000|  0%| F|  |TAMS 0x0000000081100000, 0x0000000081100000| Untracked 
|  18|0x0000000081200000, 0x0000000081200000, 0x0000000081300000|  0%| F|  |TAMS 0x0000000081200000, 0x0000000081200000| Untracked 
|  19|0x0000000081300000, 0x0000000081300000, 0x0000000081400000|  0%| F|  |TAMS 0x0000000081300000, 0x0000000081300000| Untracked 
|  20|0x0000000081400000, 0x0000000081400000, 0x0000000081500000|  0%| F|  |TAMS 0x0000000081400000, 0x0000000081400000| Untracked 
|  21|0x0000000081500000, 0x0000000081500000, 0x0000000081600000|  0%| F|  |TAMS 0x0000000081500000, 0x0000000081500000| Untracked 
|  22|0x0000000081600000, 0x0000000081600000, 0x0000000081700000|  0%| F|  |TAMS 0x0000000081600000, 0x0000000081600000| Untracked 
|  23|0x0000000081700000, 0x0000000081700000, 0x0000000081800000|  0%| F|  |TAMS 0x0000000081700000, 0x0000000081700000| Untracked 
|  24|0x0000000081800000, 0x0000000081800000, 0x0000000081900000|  0%| F|  |TAMS 0x0000000081800000, 0x0000000081800000| Untracked 
|  25|0x0000000081900000, 0x0000000081900000, 0x0000000081a00000|  0%| F|  |TAMS 0x0000000081900000, 0x0000000081900000| Untracked 
|  26|0x0000000081a00000, 0x0000000081a00000, 0x0000000081b00000|  0%| F|  |TAMS 0x0000000081a00000, 0x0000000081a00000| Untracked 
|  27|0x0000000081b00000, 0x0000000081b00000, 0x0000000081c00000|  0%| F|  |TAMS 0x0000000081b00000, 0x0000000081b00000| Untracked 
|  28|0x0000000081c00000, 0x0000000081c00000, 0x0000000081d00000|  0%| F|  |TAMS 0x0000000081c00000, 0x0000000081c00000| Untracked 
|  29|0x0000000081d00000, 0x0000000081d00000, 0x0000000081e00000|  0%| F|  |TAMS 0x0000000081d00000, 0x0000000081d00000| Untracked 
|  30|0x0000000081e00000, 0x0000000081e00000, 0x0000000081f00000|  0%| F|  |TAMS 0x0000000081e00000, 0x0000000081e00000| Untracked 
|  31|0x0000000081f00000, 0x0000000081f00000, 0x0000000082000000|  0%| F|  |TAMS 0x0000000081f00000, 0x0000000081f00000| Untracked 
|  32|0x0000000082000000, 0x0000000082000000, 0x0000000082100000|  0%| F|  |TAMS 0x0000000082000000, 0x0000000082000000| Untracked 
|  33|0x0000000082100000, 0x0000000082100000, 0x0000000082200000|  0%| F|  |TAMS 0x0000000082100000, 0x0000000082100000| Untracked 
|  34|0x0000000082200000, 0x0000000082200000, 0x0000000082300000|  0%| F|  |TAMS 0x0000000082200000, 0x0000000082200000| Untracked 
|  35|0x0000000082300000, 0x0000000082300000, 0x0000000082400000|  0%| F|  |TAMS 0x0000000082300000, 0x0000000082300000| Untracked 
|  36|0x0000000082400000, 0x0000000082400000, 0x0000000082500000|  0%| F|  |TAMS 0x0000000082400000, 0x0000000082400000| Untracked 
|  37|0x0000000082500000, 0x0000000082500000, 0x0000000082600000|  0%| F|  |TAMS 0x0000000082500000, 0x0000000082500000| Untracked 
|  38|0x0000000082600000, 0x0000000082600000, 0x0000000082700000|  0%| F|  |TAMS 0x0000000082600000, 0x0000000082600000| Untracked 
|  39|0x0000000082700000, 0x0000000082700000, 0x0000000082800000|  0%| F|  |TAMS 0x0000000082700000, 0x0000000082700000| Untracked 
|  40|0x0000000082800000, 0x0000000082800000, 0x0000000082900000|  0%| F|  |TAMS 0x0000000082800000, 0x0000000082800000| Untracked 
|  41|0x0000000082900000, 0x0000000082900000, 0x0000000082a00000|  0%| F|  |TAMS 0x0000000082900000, 0x0000000082900000| Untracked 
|  42|0x0000000082a00000, 0x0000000082a00000, 0x0000000082b00000|  0%| F|  |TAMS 0x0000000082a00000, 0x0000000082a00000| Untracked 
|  43|0x0000000082b00000, 0x0000000082b00000, 0x0000000082c00000|  0%| F|  |TAMS 0x0000000082b00000, 0x0000000082b00000| Untracked 
|  44|0x0000000082c00000, 0x0000000082c00000, 0x0000000082d00000|  0%| F|  |TAMS 0x0000000082c00000, 0x0000000082c00000| Untracked 
|  45|0x0000000082d00000, 0x0000000082d00000, 0x0000000082e00000|  0%| F|  |TAMS 0x0000000082d00000, 0x0000000082d00000| Untracked 
|  46|0x0000000082e00000, 0x0000000082e00000, 0x0000000082f00000|  0%| F|  |TAMS 0x0000000082e00000, 0x0000000082e00000| Untracked 
|  47|0x0000000082f00000, 0x0000000082f00000, 0x0000000083000000|  0%| F|  |TAMS 0x0000000082f00000, 0x0000000082f00000| Untracked 
|  48|0x0000000083000000, 0x0000000083000000, 0x0000000083100000|  0%| F|  |TAMS 0x0000000083000000, 0x0000000083000000| Untracked 
|  49|0x0000000083100000, 0x0000000083100000, 0x0000000083200000|  0%| F|  |TAMS 0x0000000083100000, 0x0000000083100000| Untracked 
|  50|0x0000000083200000, 0x0000000083200000, 0x0000000083300000|  0%| F|  |TAMS 0x0000000083200000, 0x0000000083200000| Untracked 
|  51|0x0000000083300000, 0x0000000083300000, 0x0000000083400000|  0%| F|  |TAMS 0x0000000083300000, 0x0000000083300000| Untracked 
|  52|0x0000000083400000, 0x0000000083400000, 0x0000000083500000|  0%| F|  |TAMS 0x0000000083400000, 0x0000000083400000| Untracked 
|  53|0x0000000083500000, 0x0000000083500000, 0x0000000083600000|  0%| F|  |TAMS 0x0000000083500000, 0x0000000083500000| Untracked 
|  54|0x0000000083600000, 0x0000000083600000, 0x0000000083700000|  0%| F|  |TAMS 0x0000000083600000, 0x0000000083600000| Untracked 
|  55|0x0000000083700000, 0x0000000083700000, 0x0000000083800000|  0%| F|  |TAMS 0x0000000083700000, 0x0000000083700000| Untracked 
|  56|0x0000000083800000, 0x0000000083800000, 0x0000000083900000|  0%| F|  |TAMS 0x0000000083800000, 0x0000000083800000| Untracked 
|  57|0x0000000083900000, 0x0000000083900000, 0x0000000083a00000|  0%| F|  |TAMS 0x0000000083900000, 0x0000000083900000| Untracked 
|  58|0x0000000083a00000, 0x0000000083a00000, 0x0000000083b00000|  0%| F|  |TAMS 0x0000000083a00000, 0x0000000083a00000| Untracked 
|  59|0x0000000083b00000, 0x0000000083b00000, 0x0000000083c00000|  0%| F|  |TAMS 0x0000000083b00000, 0x0000000083b00000| Untracked 
|  60|0x0000000083c00000, 0x0000000083c00000, 0x0000000083d00000|  0%| F|  |TAMS 0x0000000083c00000, 0x0000000083c00000| Untracked 
|  61|0x0000000083d00000, 0x0000000083d00000, 0x0000000083e00000|  0%| F|  |TAMS 0x0000000083d00000, 0x0000000083d00000| Untracked 
|  62|0x0000000083e00000, 0x0000000083e00000, 0x0000000083f00000|  0%| F|  |TAMS 0x0000000083e00000, 0x0000000083e00000| Untracked 
|  63|0x0000000083f00000, 0x0000000083f00000, 0x0000000084000000|  0%| F|  |TAMS 0x0000000083f00000, 0x0000000083f00000| Untracked 
|  64|0x0000000084000000, 0x0000000084000000, 0x0000000084100000|  0%| F|  |TAMS 0x0000000084000000, 0x0000000084000000| Untracked 
|  65|0x0000000084100000, 0x0000000084100000, 0x0000000084200000|  0%| F|  |TAMS 0x0000000084100000, 0x0000000084100000| Untracked 
|  66|0x0000000084200000, 0x0000000084200000, 0x0000000084300000|  0%| F|  |TAMS 0x0000000084200000, 0x0000000084200000| Untracked 
|  67|0x0000000084300000, 0x0000000084300000, 0x0000000084400000|  0%| F|  |TAMS 0x0000000084300000, 0x0000000084300000| Untracked 
|  68|0x0000000084400000, 0x0000000084400000, 0x0000000084500000|  0%| F|  |TAMS 0x0000000084400000, 0x0000000084400000| Untracked 
|  69|0x0000000084500000, 0x0000000084500000, 0x0000000084600000|  0%| F|  |TAMS 0x0000000084500000, 0x0000000084500000| Untracked 
|  70|0x0000000084600000, 0x0000000084600000, 0x0000000084700000|  0%| F|  |TAMS 0x0000000084600000, 0x0000000084600000| Untracked 
|  71|0x0000000084700000, 0x00000000847f9280, 0x0000000084800000| 97%| S|CS|TAMS 0x0000000084700000, 0x0000000084700000| Complete 
|  72|0x0000000084800000, 0x0000000084900000, 0x0000000084900000|100%| S|CS|TAMS 0x0000000084800000, 0x0000000084800000| Complete 
|  73|0x0000000084900000, 0x0000000084a00000, 0x0000000084a00000|100%| S|CS|TAMS 0x0000000084900000, 0x0000000084900000| Complete 
|  74|0x0000000084a00000, 0x0000000084b00000, 0x0000000084b00000|100%| S|CS|TAMS 0x0000000084a00000, 0x0000000084a00000| Complete 
|  75|0x0000000084b00000, 0x0000000084c00000, 0x0000000084c00000|100%| S|CS|TAMS 0x0000000084b00000, 0x0000000084b00000| Complete 
|  76|0x0000000084c00000, 0x0000000084d00000, 0x0000000084d00000|100%| S|CS|TAMS 0x0000000084c00000, 0x0000000084c00000| Complete 
|  77|0x0000000084d00000, 0x0000000084e00000, 0x0000000084e00000|100%| S|CS|TAMS 0x0000000084d00000, 0x0000000084d00000| Complete 
|  78|0x0000000084e00000, 0x0000000084f00000, 0x0000000084f00000|100%| S|CS|TAMS 0x0000000084e00000, 0x0000000084e00000| Complete 
|  79|0x0000000084f00000, 0x0000000085000000, 0x0000000085000000|100%| S|CS|TAMS 0x0000000084f00000, 0x0000000084f00000| Complete 
|  80|0x0000000085000000, 0x0000000085100000, 0x0000000085100000|100%| S|CS|TAMS 0x0000000085000000, 0x0000000085000000| Complete 
|  81|0x0000000085100000, 0x0000000085100000, 0x0000000085200000|  0%| F|  |TAMS 0x0000000085100000, 0x0000000085100000| Untracked 
|  82|0x0000000085200000, 0x0000000085200000, 0x0000000085300000|  0%| F|  |TAMS 0x0000000085200000, 0x0000000085200000| Untracked 
|  83|0x0000000085300000, 0x0000000085300000, 0x0000000085400000|  0%| F|  |TAMS 0x0000000085300000, 0x0000000085300000| Untracked 
|  84|0x0000000085400000, 0x0000000085400000, 0x0000000085500000|  0%| F|  |TAMS 0x0000000085400000, 0x0000000085400000| Untracked 
|  85|0x0000000085500000, 0x0000000085500000, 0x0000000085600000|  0%| F|  |TAMS 0x0000000085500000, 0x0000000085500000| Untracked 
|  86|0x0000000085600000, 0x0000000085600000, 0x0000000085700000|  0%| F|  |TAMS 0x0000000085600000, 0x0000000085600000| Untracked 
|  87|0x0000000085700000, 0x0000000085700000, 0x0000000085800000|  0%| F|  |TAMS 0x0000000085700000, 0x0000000085700000| Untracked 
|  88|0x0000000085800000, 0x0000000085800000, 0x0000000085900000|  0%| F|  |TAMS 0x0000000085800000, 0x0000000085800000| Untracked 
|  89|0x0000000085900000, 0x0000000085900000, 0x0000000085a00000|  0%| F|  |TAMS 0x0000000085900000, 0x0000000085900000| Untracked 
|  90|0x0000000085a00000, 0x0000000085a00000, 0x0000000085b00000|  0%| F|  |TAMS 0x0000000085a00000, 0x0000000085a00000| Untracked 
|  91|0x0000000085b00000, 0x0000000085b00000, 0x0000000085c00000|  0%| F|  |TAMS 0x0000000085b00000, 0x0000000085b00000| Untracked 
|  92|0x0000000085c00000, 0x0000000085c00000, 0x0000000085d00000|  0%| F|  |TAMS 0x0000000085c00000, 0x0000000085c00000| Untracked 
|  93|0x0000000085d00000, 0x0000000085d00000, 0x0000000085e00000|  0%| F|  |TAMS 0x0000000085d00000, 0x0000000085d00000| Untracked 
|  94|0x0000000085e00000, 0x0000000085e00000, 0x0000000085f00000|  0%| F|  |TAMS 0x0000000085e00000, 0x0000000085e00000| Untracked 
|  95|0x0000000085f00000, 0x0000000085f00000, 0x0000000086000000|  0%| F|  |TAMS 0x0000000085f00000, 0x0000000085f00000| Untracked 
|  96|0x0000000086000000, 0x0000000086000000, 0x0000000086100000|  0%| F|  |TAMS 0x0000000086000000, 0x0000000086000000| Untracked 
|  97|0x0000000086100000, 0x0000000086100000, 0x0000000086200000|  0%| F|  |TAMS 0x0000000086100000, 0x0000000086100000| Untracked 
|  98|0x0000000086200000, 0x0000000086200000, 0x0000000086300000|  0%| F|  |TAMS 0x0000000086200000, 0x0000000086200000| Untracked 
|  99|0x0000000086300000, 0x0000000086300000, 0x0000000086400000|  0%| F|  |TAMS 0x0000000086300000, 0x0000000086300000| Untracked 
| 100|0x0000000086400000, 0x0000000086400000, 0x0000000086500000|  0%| F|  |TAMS 0x0000000086400000, 0x0000000086400000| Untracked 
| 101|0x0000000086500000, 0x0000000086500000, 0x0000000086600000|  0%| F|  |TAMS 0x0000000086500000, 0x0000000086500000| Untracked 
| 102|0x0000000086600000, 0x0000000086600000, 0x0000000086700000|  0%| F|  |TAMS 0x0000000086600000, 0x0000000086600000| Untracked 
| 103|0x0000000086700000, 0x0000000086700000, 0x0000000086800000|  0%| F|  |TAMS 0x0000000086700000, 0x0000000086700000| Untracked 
| 104|0x0000000086800000, 0x000000008685eb70, 0x0000000086900000| 36%| E|  |TAMS 0x0000000086800000, 0x0000000086800000| Complete 
| 105|0x0000000086900000, 0x0000000086a00000, 0x0000000086a00000|100%| E|CS|TAMS 0x0000000086900000, 0x0000000086900000| Complete 
| 106|0x0000000086a00000, 0x0000000086b00000, 0x0000000086b00000|100%| E|CS|TAMS 0x0000000086a00000, 0x0000000086a00000| Complete 
| 107|0x0000000086b00000, 0x0000000086c00000, 0x0000000086c00000|100%| E|CS|TAMS 0x0000000086b00000, 0x0000000086b00000| Complete 
| 108|0x0000000086c00000, 0x0000000086d00000, 0x0000000086d00000|100%| E|CS|TAMS 0x0000000086c00000, 0x0000000086c00000| Complete 
| 109|0x0000000086d00000, 0x0000000086e00000, 0x0000000086e00000|100%| E|CS|TAMS 0x0000000086d00000, 0x0000000086d00000| Complete 
| 110|0x0000000086e00000, 0x0000000086f00000, 0x0000000086f00000|100%| E|CS|TAMS 0x0000000086e00000, 0x0000000086e00000| Complete 
| 111|0x0000000086f00000, 0x0000000087000000, 0x0000000087000000|100%| E|CS|TAMS 0x0000000086f00000, 0x0000000086f00000| Complete 
| 112|0x0000000087000000, 0x0000000087100000, 0x0000000087100000|100%| E|CS|TAMS 0x0000000087000000, 0x0000000087000000| Complete 
| 113|0x0000000087100000, 0x0000000087200000, 0x0000000087200000|100%| E|CS|TAMS 0x0000000087100000, 0x0000000087100000| Complete 
| 114|0x0000000087200000, 0x0000000087300000, 0x0000000087300000|100%| E|CS|TAMS 0x0000000087200000, 0x0000000087200000| Complete 
| 115|0x0000000087300000, 0x0000000087400000, 0x0000000087400000|100%| E|CS|TAMS 0x0000000087300000, 0x0000000087300000| Complete 
| 116|0x0000000087400000, 0x0000000087500000, 0x0000000087500000|100%| E|CS|TAMS 0x0000000087400000, 0x0000000087400000| Complete 
| 117|0x0000000087500000, 0x0000000087600000, 0x0000000087600000|100%| E|CS|TAMS 0x0000000087500000, 0x0000000087500000| Complete 
| 118|0x0000000087600000, 0x0000000087700000, 0x0000000087700000|100%| E|CS|TAMS 0x0000000087600000, 0x0000000087600000| Complete 
| 119|0x0000000087700000, 0x0000000087800000, 0x0000000087800000|100%| E|CS|TAMS 0x0000000087700000, 0x0000000087700000| Complete 
| 120|0x0000000087800000, 0x0000000087900000, 0x0000000087900000|100%| E|CS|TAMS 0x0000000087800000, 0x0000000087800000| Complete 
| 121|0x0000000087900000, 0x0000000087a00000, 0x0000000087a00000|100%| E|CS|TAMS 0x0000000087900000, 0x0000000087900000| Complete 
| 122|0x0000000087a00000, 0x0000000087b00000, 0x0000000087b00000|100%| E|CS|TAMS 0x0000000087a00000, 0x0000000087a00000| Complete 
| 123|0x0000000087b00000, 0x0000000087c00000, 0x0000000087c00000|100%| E|CS|TAMS 0x0000000087b00000, 0x0000000087b00000| Complete 
| 124|0x0000000087c00000, 0x0000000087d00000, 0x0000000087d00000|100%| E|CS|TAMS 0x0000000087c00000, 0x0000000087c00000| Complete 
| 125|0x0000000087d00000, 0x0000000087e00000, 0x0000000087e00000|100%| E|CS|TAMS 0x0000000087d00000, 0x0000000087d00000| Complete 
| 126|0x0000000087e00000, 0x0000000087f00000, 0x0000000087f00000|100%| E|CS|TAMS 0x0000000087e00000, 0x0000000087e00000| Complete 
| 127|0x0000000087f00000, 0x0000000088000000, 0x0000000088000000|100%| E|CS|TAMS 0x0000000087f00000, 0x0000000087f00000| Complete 
| 128|0x0000000088000000, 0x0000000088100000, 0x0000000088100000|100%| E|CS|TAMS 0x0000000088000000, 0x0000000088000000| Complete 
| 129|0x0000000088100000, 0x0000000088200000, 0x0000000088200000|100%| E|CS|TAMS 0x0000000088100000, 0x0000000088100000| Complete 
| 130|0x0000000088200000, 0x0000000088300000, 0x0000000088300000|100%| E|CS|TAMS 0x0000000088200000, 0x0000000088200000| Complete 
| 131|0x0000000088300000, 0x0000000088400000, 0x0000000088400000|100%| E|CS|TAMS 0x0000000088300000, 0x0000000088300000| Complete 
| 132|0x0000000088400000, 0x0000000088500000, 0x0000000088500000|100%| E|CS|TAMS 0x0000000088400000, 0x0000000088400000| Complete 
| 133|0x0000000088500000, 0x0000000088600000, 0x0000000088600000|100%| E|CS|TAMS 0x0000000088500000, 0x0000000088500000| Complete 
| 134|0x0000000088600000, 0x0000000088700000, 0x0000000088700000|100%| E|CS|TAMS 0x0000000088600000, 0x0000000088600000| Complete 
| 135|0x0000000088700000, 0x0000000088800000, 0x0000000088800000|100%| E|CS|TAMS 0x0000000088700000, 0x0000000088700000| Complete 
| 136|0x0000000088800000, 0x0000000088900000, 0x0000000088900000|100%| E|CS|TAMS 0x0000000088800000, 0x0000000088800000| Complete 
| 137|0x0000000088900000, 0x0000000088a00000, 0x0000000088a00000|100%| E|CS|TAMS 0x0000000088900000, 0x0000000088900000| Complete 
| 138|0x0000000088a00000, 0x0000000088b00000, 0x0000000088b00000|100%| E|CS|TAMS 0x0000000088a00000, 0x0000000088a00000| Complete 
| 139|0x0000000088b00000, 0x0000000088c00000, 0x0000000088c00000|100%| E|CS|TAMS 0x0000000088b00000, 0x0000000088b00000| Complete 
| 140|0x0000000088c00000, 0x0000000088d00000, 0x0000000088d00000|100%| E|CS|TAMS 0x0000000088c00000, 0x0000000088c00000| Complete 
| 141|0x0000000088d00000, 0x0000000088e00000, 0x0000000088e00000|100%| E|CS|TAMS 0x0000000088d00000, 0x0000000088d00000| Complete 
| 142|0x0000000088e00000, 0x0000000088f00000, 0x0000000088f00000|100%| E|CS|TAMS 0x0000000088e00000, 0x0000000088e00000| Complete 
| 143|0x0000000088f00000, 0x0000000089000000, 0x0000000089000000|100%| E|CS|TAMS 0x0000000088f00000, 0x0000000088f00000| Complete 
| 144|0x0000000089000000, 0x0000000089100000, 0x0000000089100000|100%| E|CS|TAMS 0x0000000089000000, 0x0000000089000000| Complete 
| 145|0x0000000089100000, 0x0000000089200000, 0x0000000089200000|100%| E|CS|TAMS 0x0000000089100000, 0x0000000089100000| Complete 
| 146|0x0000000089200000, 0x0000000089300000, 0x0000000089300000|100%| E|CS|TAMS 0x0000000089200000, 0x0000000089200000| Complete 
| 147|0x0000000089300000, 0x0000000089400000, 0x0000000089400000|100%| E|CS|TAMS 0x0000000089300000, 0x0000000089300000| Complete 
| 148|0x0000000089400000, 0x0000000089500000, 0x0000000089500000|100%| E|CS|TAMS 0x0000000089400000, 0x0000000089400000| Complete 
| 149|0x0000000089500000, 0x0000000089600000, 0x0000000089600000|100%| E|CS|TAMS 0x0000000089500000, 0x0000000089500000| Complete 
| 150|0x0000000089600000, 0x0000000089700000, 0x0000000089700000|100%| E|CS|TAMS 0x0000000089600000, 0x0000000089600000| Complete 
| 151|0x0000000089700000, 0x0000000089800000, 0x0000000089800000|100%| E|CS|TAMS 0x0000000089700000, 0x0000000089700000| Complete 
| 152|0x0000000089800000, 0x0000000089900000, 0x0000000089900000|100%| E|CS|TAMS 0x0000000089800000, 0x0000000089800000| Complete 
| 153|0x0000000089900000, 0x0000000089a00000, 0x0000000089a00000|100%| E|CS|TAMS 0x0000000089900000, 0x0000000089900000| Complete 
| 154|0x0000000089a00000, 0x0000000089b00000, 0x0000000089b00000|100%| E|CS|TAMS 0x0000000089a00000, 0x0000000089a00000| Complete 
| 155|0x0000000089b00000, 0x0000000089c00000, 0x0000000089c00000|100%| E|CS|TAMS 0x0000000089b00000, 0x0000000089b00000| Complete 
| 156|0x0000000089c00000, 0x0000000089d00000, 0x0000000089d00000|100%| E|CS|TAMS 0x0000000089c00000, 0x0000000089c00000| Complete 
| 157|0x0000000089d00000, 0x0000000089e00000, 0x0000000089e00000|100%| E|CS|TAMS 0x0000000089d00000, 0x0000000089d00000| Complete 
| 158|0x0000000089e00000, 0x0000000089f00000, 0x0000000089f00000|100%| E|CS|TAMS 0x0000000089e00000, 0x0000000089e00000| Complete 
| 159|0x0000000089f00000, 0x000000008a000000, 0x000000008a000000|100%| E|CS|TAMS 0x0000000089f00000, 0x0000000089f00000| Complete 
| 160|0x000000008a000000, 0x000000008a100000, 0x000000008a100000|100%| E|CS|TAMS 0x000000008a000000, 0x000000008a000000| Complete 
| 161|0x000000008a100000, 0x000000008a200000, 0x000000008a200000|100%| E|CS|TAMS 0x000000008a100000, 0x000000008a100000| Complete 
| 162|0x000000008a200000, 0x000000008a300000, 0x000000008a300000|100%| E|CS|TAMS 0x000000008a200000, 0x000000008a200000| Complete 
| 163|0x000000008a300000, 0x000000008a400000, 0x000000008a400000|100%| E|CS|TAMS 0x000000008a300000, 0x000000008a300000| Complete 
| 164|0x000000008a400000, 0x000000008a500000, 0x000000008a500000|100%| E|CS|TAMS 0x000000008a400000, 0x000000008a400000| Complete 
| 165|0x000000008a500000, 0x000000008a600000, 0x000000008a600000|100%| E|CS|TAMS 0x000000008a500000, 0x000000008a500000| Complete 
| 166|0x000000008a600000, 0x000000008a700000, 0x000000008a700000|100%| E|CS|TAMS 0x000000008a600000, 0x000000008a600000| Complete 
| 167|0x000000008a700000, 0x000000008a800000, 0x000000008a800000|100%| E|CS|TAMS 0x000000008a700000, 0x000000008a700000| Complete 
| 168|0x000000008a800000, 0x000000008a900000, 0x000000008a900000|100%| E|CS|TAMS 0x000000008a800000, 0x000000008a800000| Complete 
| 169|0x000000008a900000, 0x000000008aa00000, 0x000000008aa00000|100%| E|CS|TAMS 0x000000008a900000, 0x000000008a900000| Complete 
| 170|0x000000008aa00000, 0x000000008ab00000, 0x000000008ab00000|100%| E|CS|TAMS 0x000000008aa00000, 0x000000008aa00000| Complete 
| 171|0x000000008ab00000, 0x000000008ac00000, 0x000000008ac00000|100%| E|CS|TAMS 0x000000008ab00000, 0x000000008ab00000| Complete 
| 172|0x000000008ac00000, 0x000000008ad00000, 0x000000008ad00000|100%| E|CS|TAMS 0x000000008ac00000, 0x000000008ac00000| Complete 
| 173|0x000000008ad00000, 0x000000008ae00000, 0x000000008ae00000|100%| E|CS|TAMS 0x000000008ad00000, 0x000000008ad00000| Complete 
| 174|0x000000008ae00000, 0x000000008af00000, 0x000000008af00000|100%| E|CS|TAMS 0x000000008ae00000, 0x000000008ae00000| Complete 
| 175|0x000000008af00000, 0x000000008b000000, 0x000000008b000000|100%| E|CS|TAMS 0x000000008af00000, 0x000000008af00000| Complete 
| 176|0x000000008b000000, 0x000000008b100000, 0x000000008b100000|100%| E|CS|TAMS 0x000000008b000000, 0x000000008b000000| Complete 
| 177|0x000000008b100000, 0x000000008b200000, 0x000000008b200000|100%| E|CS|TAMS 0x000000008b100000, 0x000000008b100000| Complete 
| 178|0x000000008b200000, 0x000000008b300000, 0x000000008b300000|100%| E|CS|TAMS 0x000000008b200000, 0x000000008b200000| Complete 
| 179|0x000000008b300000, 0x000000008b400000, 0x000000008b400000|100%| E|CS|TAMS 0x000000008b300000, 0x000000008b300000| Complete 
| 180|0x000000008b400000, 0x000000008b500000, 0x000000008b500000|100%| E|CS|TAMS 0x000000008b400000, 0x000000008b400000| Complete 
| 181|0x000000008b500000, 0x000000008b600000, 0x000000008b600000|100%| E|CS|TAMS 0x000000008b500000, 0x000000008b500000| Complete 
| 182|0x000000008b600000, 0x000000008b700000, 0x000000008b700000|100%| E|CS|TAMS 0x000000008b600000, 0x000000008b600000| Complete 
| 183|0x000000008b700000, 0x000000008b800000, 0x000000008b800000|100%| E|CS|TAMS 0x000000008b700000, 0x000000008b700000| Complete 
| 184|0x000000008b800000, 0x000000008b900000, 0x000000008b900000|100%| E|CS|TAMS 0x000000008b800000, 0x000000008b800000| Complete 
| 185|0x000000008b900000, 0x000000008ba00000, 0x000000008ba00000|100%| E|CS|TAMS 0x000000008b900000, 0x000000008b900000| Complete 
| 186|0x000000008ba00000, 0x000000008bb00000, 0x000000008bb00000|100%| E|CS|TAMS 0x000000008ba00000, 0x000000008ba00000| Complete 
| 187|0x000000008bb00000, 0x000000008bc00000, 0x000000008bc00000|100%| E|CS|TAMS 0x000000008bb00000, 0x000000008bb00000| Complete 

Card table byte_map: [0x0000020443b70000,0x0000020443f70000] _byte_map_base: 0x0000020443770000

Marking Bits (Prev, Next): (CMBitMap*) 0x000002042d0fa0e8, (CMBitMap*) 0x000002042d0fa120
 Prev Bits: [0x0000020444370000, 0x0000020446370000)
 Next Bits: [0x0000020446370000, 0x0000020448370000)

Polling page: 0x000002042ae50000

Metaspace:

Usage:
  Non-class:     44.93 MB capacity,    44.08 MB ( 98%) used,   681.26 KB (  1%) free+waste,   189.81 KB ( <1%) overhead. 
      Class:      6.80 MB capacity,     6.17 MB ( 91%) used,   551.70 KB (  8%) free+waste,    92.88 KB (  1%) overhead. 
       Both:     51.73 MB capacity,    50.25 MB ( 97%) used,     1.20 MB (  2%) free+waste,   282.69 KB ( <1%) overhead. 

Virtual space:
  Non-class space:       46.00 MB reserved,      45.00 MB ( 98%) committed 
      Class space:        1.00 GB reserved,       6.88 MB ( <1%) committed 
             Both:        1.04 GB reserved,      51.88 MB (  5%) committed 

Chunk freelists:
   Non-Class:  896 bytes
       Class:  1.13 KB
        Both:  2.00 KB

CodeHeap 'non-profiled nmethods': size=120064Kb used=2265Kb max_used=2265Kb free=117798Kb
 bounds [0x000002043c230000, 0x000002043c4a0000, 0x0000020443770000]
CodeHeap 'profiled nmethods': size=120000Kb used=9959Kb max_used=9959Kb free=110040Kb
 bounds [0x0000020434d00000, 0x00000204356c0000, 0x000002043c230000]
CodeHeap 'non-nmethods': size=5696Kb used=1207Kb max_used=1232Kb free=4488Kb
 bounds [0x0000020434770000, 0x00000204349e0000, 0x0000020434d00000]
 total_blobs=5417 nmethods=4864 adapters=464
 compilation: enabled
              stopped_count=0, restarted_count=0
 full_count=0

Compilation events (10 events):
Event: 1367.170 Thread 0x000002044a538800 nmethod 4889 0x000002043c465a10 code [0x000002043c465b80, 0x000002043c465bf8]
Event: 1387.513 Thread 0x000002044a538800 4890       4       org.springframework.boot.devtools.filewatch.DirectorySnapshot::filter (72 bytes)
Event: 1387.514 Thread 0x000002044a538800 nmethod 4890 0x000002043c465c90 code [0x000002043c465e00, 0x000002043c465e78]
Event: 1398.402 Thread 0x000002044a56e000 4891       3       java.util.concurrent.ConcurrentHashMap::getOrDefault (16 bytes)
Event: 1398.402 Thread 0x000002044a56e000 nmethod 4891 0x00000204356b9810 code [0x00000204356b99c0, 0x00000204356b9bc8]
Event: 1417.172 Thread 0x000002044a538800 4892       4       java.nio.ByteBuffer::order (48 bytes)
Event: 1417.173 Thread 0x000002044a538800 nmethod 4892 0x000002043c465f10 code [0x000002043c466080, 0x000002043c466118]
Event: 1422.191 Thread 0x000002044a538800 4893       4       java.util.concurrent.ScheduledThreadPoolExecutor::canRunInCurrentRunState (61 bytes)
Event: 1422.192 Thread 0x000002044a538800 nmethod 4893 0x000002043c466190 code [0x000002043c466300, 0x000002043c466398]
Event: 1447.174 Thread 0x000002044a538800 4894       4       org.bson.BsonBinaryReader::readBsonType (349 bytes)

GC Heap History (10 events):
Event: 2.547 GC heap before
{Heap before GC invocations=4 (full 0):
 garbage-first heap   total 131072K, used 25064K [0x0000000080000000, 0x0000000100000000)
  region size 1024K, 22 young (22528K), 2 survivors (2048K)
 Metaspace       used 20722K, capacity 21176K, committed 21248K, reserved 1069056K
  class space    used 2328K, capacity 2521K, committed 2560K, reserved 1048576K
}
Event: 2.558 GC heap after
{Heap after GC invocations=5 (full 0):
 garbage-first heap   total 157696K, used 7656K [0x0000000080000000, 0x0000000100000000)
  region size 1024K, 3 young (3072K), 3 survivors (3072K)
 Metaspace       used 20722K, capacity 21176K, committed 21248K, reserved 1069056K
  class space    used 2328K, capacity 2521K, committed 2560K, reserved 1048576K
}
Event: 3.273 GC heap before
{Heap before GC invocations=6 (full 0):
 garbage-first heap   total 157696K, used 37352K [0x0000000080000000, 0x0000000100000000)
  region size 1024K, 33 young (33792K), 3 survivors (3072K)
 Metaspace       used 26028K, capacity 26567K, committed 26880K, reserved 1073152K
  class space    used 3007K, capacity 3252K, committed 3328K, reserved 1048576K
}
Event: 3.290 GC heap after
{Heap after GC invocations=7 (full 0):
 garbage-first heap   total 157696K, used 8904K [0x0000000080000000, 0x0000000100000000)
  region size 1024K, 4 young (4096K), 4 survivors (4096K)
 Metaspace       used 26028K, capacity 26567K, committed 26880K, reserved 1073152K
  class space    used 3007K, capacity 3252K, committed 3328K, reserved 1048576K
}
Event: 4.454 GC heap before
{Heap before GC invocations=7 (full 0):
 garbage-first heap   total 157696K, used 51912K [0x0000000080000000, 0x0000000100000000)
  region size 1024K, 46 young (47104K), 4 survivors (4096K)
 Metaspace       used 30531K, capacity 31315K, committed 31616K, reserved 1077248K
  class space    used 3568K, capacity 3870K, committed 3968K, reserved 1048576K
}
Event: 4.468 GC heap after
{Heap after GC invocations=8 (full 0):
 garbage-first heap   total 157696K, used 10411K [0x0000000080000000, 0x0000000100000000)
  region size 1024K, 4 young (4096K), 4 survivors (4096K)
 Metaspace       used 30531K, capacity 31315K, committed 31616K, reserved 1077248K
  class space    used 3568K, capacity 3870K, committed 3968K, reserved 1048576K
}
Event: 5.432 GC heap before
{Heap before GC invocations=8 (full 0):
 garbage-first heap   total 157696K, used 39083K [0x0000000080000000, 0x0000000100000000)
  region size 1024K, 33 young (33792K), 4 survivors (4096K)
 Metaspace       used 34781K, capacity 35789K, committed 35840K, reserved 1081344K
  class space    used 4184K, capacity 4578K, committed 4608K, reserved 1048576K
}
Event: 5.447 GC heap after
{Heap after GC invocations=9 (full 0):
 garbage-first heap   total 157696K, used 12211K [0x0000000080000000, 0x0000000100000000)
  region size 1024K, 6 young (6144K), 6 survivors (6144K)
 Metaspace       used 34781K, capacity 35789K, committed 35840K, reserved 1081344K
  class space    used 4184K, capacity 4578K, committed 4608K, reserved 1048576K
}
Event: 7.796 GC heap before
{Heap before GC invocations=10 (full 0):
 garbage-first heap   total 157696K, used 79795K [0x0000000080000000, 0x0000000100000000)
  region size 1024K, 73 young (74752K), 6 survivors (6144K)
 Metaspace       used 45699K, capacity 47114K, committed 47232K, reserved 1089536K
  class space    used 5645K, capacity 6201K, committed 6272K, reserved 1048576K
}
Event: 7.832 GC heap after
{Heap after GC invocations=11 (full 0):
 garbage-first heap   total 192512K, used 17449K [0x0000000080000000, 0x0000000100000000)
  region size 1024K, 10 young (10240K), 10 survivors (10240K)
 Metaspace       used 45699K, capacity 47114K, committed 47232K, reserved 1089536K
  class space    used 5645K, capacity 6201K, committed 6272K, reserved 1048576K
}

Deoptimization events (10 events):
Event: 515.381 Thread 0x000002044b0a8000 Uncommon trap: reason=class_check action=maybe_recompile pc=0x000002043c301c74 method=java.util.concurrent.ConcurrentHashMap.putVal(Ljava/lang/Object;Ljava/lang/Object;Z)Ljava/lang/Object; @ 159 c2
Event: 515.381 Thread 0x000002044b0a8000 Uncommon trap: reason=class_check action=maybe_recompile pc=0x000002043c301c74 method=java.util.concurrent.ConcurrentHashMap.putVal(Ljava/lang/Object;Ljava/lang/Object;Z)Ljava/lang/Object; @ 159 c2
Event: 515.382 Thread 0x000002044b0a8000 Uncommon trap: reason=unstable_if action=reinterpret pc=0x000002043c30327c method=java.util.concurrent.ConcurrentHashMap.get(Ljava/lang/Object;)Ljava/lang/Object; @ 152 c2
Event: 515.382 Thread 0x000002044b0a8000 Uncommon trap: reason=class_check action=maybe_recompile pc=0x000002043c301c74 method=java.util.concurrent.ConcurrentHashMap.putVal(Ljava/lang/Object;Ljava/lang/Object;Z)Ljava/lang/Object; @ 159 c2
Event: 515.382 Thread 0x000002044b0a8000 Uncommon trap: reason=class_check action=maybe_recompile pc=0x000002043c301c74 method=java.util.concurrent.ConcurrentHashMap.putVal(Ljava/lang/Object;Ljava/lang/Object;Z)Ljava/lang/Object; @ 159 c2
Event: 1203.792 Thread 0x000002044b0a7000 Uncommon trap: reason=unstable_if action=reinterpret pc=0x000002043c43ea14 method=jdk.internal.misc.Unsafe.convEndian(ZI)I @ 4 c2
Event: 1204.274 Thread 0x000002044b0a7000 Uncommon trap: reason=unstable_if action=reinterpret pc=0x000002043c31e488 method=org.springframework.util.ObjectUtils.nullSafeEquals(Ljava/lang/Object;Ljava/lang/Object;)Z @ 12 c2
Event: 1204.275 Thread 0x000002044b0a7000 Uncommon trap: reason=unstable_if action=reinterpret pc=0x000002043c2adfac method=java.util.concurrent.ConcurrentHashMap$Traverser.advance()Ljava/util/concurrent/ConcurrentHashMap$Node; @ 84 c2
Event: 1204.387 Thread 0x000002044b0a7000 Uncommon trap: reason=unstable_if action=reinterpret pc=0x000002043c430580 method=org.bson.io.ByteBufferBsonInput.readString(I)Ljava/lang/String; @ 2 c2
Event: 1204.388 Thread 0x000002044b0a7000 Uncommon trap: reason=unstable_if action=reinterpret pc=0x000002043c4387ac method=org.bson.BsonBinaryReader.readBsonType()Lorg/bson/BsonType; @ 267 c2

Classes redefined (0 events):
No events

Internal exceptions (10 events):
Event: 7.922 Thread 0x000002044b89a800 Exception <a 'java/lang/IncompatibleClassChangeError'{0x000000008baced50}: Found class java.lang.Object, but interface was expected> (0x000000008baced50) thrown at [./open/src/hotspot/share/interpreter/linkResolver.cpp, line 838]
Event: 7.985 Thread 0x000002044b89a800 Exception <a 'java/lang/NoSuchMethodError'{0x000000008b8934d0}: java.lang.invoke.DirectMethodHandle$Holder.invokeStaticInit(Ljava/lang/Object;Ljava/lang/Object;Ljava/lang/Object;Ljava/lang/Object;)I> (0x000000008b8934d0) thrown at [./open/src/hotspot/shar
Event: 7.993 Thread 0x000002044b89a800 Implicit null exception at 0x000002043c351b87 to 0x000002043c352307
Event: 8.095 Thread 0x000002044b89a800 Exception <a 'java/lang/NoSuchMethodError'{0x000000008b500238}: java.lang.invoke.DirectMethodHandle$Holder.invokeSpecial(Ljava/lang/Object;Ljava/lang/Object;ILjava/lang/Object;ILjava/lang/Object;)Ljava/lang/Object;> (0x000000008b500238) thrown at [./open/
Event: 8.095 Thread 0x000002044b89a800 Exception <a 'java/lang/NoSuchMethodError'{0x000000008b507c40}: java.lang.invoke.DirectMethodHandle$Holder.invokeStatic(Ljava/lang/Object;Ljava/lang/Object;ILjava/lang/Object;I)Ljava/lang/Object;> (0x000000008b507c40) thrown at [./open/src/hotspot/share/i
Event: 8.096 Thread 0x000002044b89a800 Exception <a 'java/lang/NoSuchMethodError'{0x000000008b50b418}: java.lang.invoke.DirectMethodHandle$Holder.invokeSpecial(Ljava/lang/Object;Ljava/lang/Object;Ljava/lang/Object;ILjava/lang/Object;I)Ljava/lang/Object;> (0x000000008b50b418) thrown at [./open/
Event: 515.295 Thread 0x000002044b0a8000 Exception <a 'java/lang/NoSuchMethodError'{0x000000008973fc40}: java.lang.invoke.DirectMethodHandle$Holder.invokeStatic(Ljava/lang/Object;ILjava/lang/Object;Ljava/lang/Object;)Ljava/lang/Object;> (0x000000008973fc40) thrown at [./open/src/hotspot/share/in
Event: 515.313 Thread 0x000002044b0a8000 Exception <a 'java/lang/reflect/InvocationTargetException'{0x00000000897a4e88}> (0x00000000897a4e88) thrown at [./open/src/hotspot/share/runtime/reflection.cpp, line 1242]
Event: 1204.274 Thread 0x000002044b0a7000 Implicit null exception at 0x000002043c31e3bd to 0x000002043c31e476
Event: 1224.874 Thread 0x000002044b0a8000 Exception <a 'java/lang/NoSuchMethodError'{0x0000000087107108}: java.lang.invoke.DirectMethodHandle$Holder.invokeVirtual(Ljava/lang/Object;Ljava/lang/Object;Ljava/lang/Object;Ljava/lang/Object;Ljava/lang/Object;)Ljava/lang/Object;> (0x0000000087107108) th

Events (10 events):
Event: 1224.896 loading class com/fasterxml/jackson/databind/ser/std/NumberSerializers$1
Event: 1224.896 loading class com/fasterxml/jackson/databind/ser/std/NumberSerializers$1 done
Event: 1224.897 loading class com/fasterxml/jackson/databind/introspect/MethodGenericTypeResolver
Event: 1224.897 loading class com/fasterxml/jackson/databind/introspect/MethodGenericTypeResolver done
Event: 1224.899 loading class com/fasterxml/jackson/databind/ser/impl/PropertySerializerMap$SerializerAndMapResult
Event: 1224.899 loading class com/fasterxml/jackson/databind/ser/impl/PropertySerializerMap$SerializerAndMapResult done
Event: 1224.899 loading class com/fasterxml/jackson/databind/ser/impl/PropertySerializerMap$Double
Event: 1224.899 loading class com/fasterxml/jackson/databind/ser/impl/PropertySerializerMap$Double done
Event: 1224.900 loading class com/fasterxml/jackson/core/io/NumberOutput
Event: 1224.900 loading class com/fasterxml/jackson/core/io/NumberOutput done


Dynamic libraries:
0x00007ff7a1670000 - 0x00007ff7a167f000 	C:\Program Files\Java\jdk-11.0.15\bin\java.exe
0x00007ff9af0f0000 - 0x00007ff9af2e8000 	C:\Windows\SYSTEM32\ntdll.dll
0x00007ff9ae800000 - 0x00007ff9ae8bd000 	C:\Windows\System32\KERNEL32.DLL
0x00007ff9ace80000 - 0x00007ff9ad14e000 	C:\Windows\System32\KERNELBASE.dll
0x00007ff9aca90000 - 0x00007ff9acb90000 	C:\Windows\System32\ucrtbase.dll
0x00007ff9a2770000 - 0x00007ff9a2788000 	C:\Program Files\Java\jdk-11.0.15\bin\jli.dll
0x00007ff9ae750000 - 0x00007ff9ae7fe000 	C:\Windows\System32\ADVAPI32.dll
0x00007ff9aded0000 - 0x00007ff9adf6e000 	C:\Windows\System32\msvcrt.dll
0x00007ff9ad9a0000 - 0x00007ff9ada3c000 	C:\Windows\System32\sechost.dll
0x00007ff9aee50000 - 0x00007ff9aef75000 	C:\Windows\System32\RPCRT4.dll
0x00007ff9ae930000 - 0x00007ff9aead0000 	C:\Windows\System32\USER32.dll
0x00007ff9ace50000 - 0x00007ff9ace72000 	C:\Windows\System32\win32u.dll
0x00007ff9adea0000 - 0x00007ff9adeca000 	C:\Windows\System32\GDI32.dll
0x00007ff9ac980000 - 0x00007ff9aca8b000 	C:\Windows\System32\gdi32full.dll
0x00007ff9acdb0000 - 0x00007ff9ace4d000 	C:\Windows\System32\msvcp_win.dll
0x00007ff9a2750000 - 0x00007ff9a2765000 	C:\Program Files\Java\jdk-11.0.15\bin\VCRUNTIME140.dll
0x00007ff997e10000 - 0x00007ff9980aa000 	C:\Windows\WinSxS\amd64_microsoft.windows.common-controls_6595b64144ccf1df_6.0.19041.1110_none_60b5254171f9507e\COMCTL32.dll
0x00007ff9a4950000 - 0x00007ff9a495a000 	C:\Windows\SYSTEM32\VERSION.dll
0x00007ff9aec70000 - 0x00007ff9aeca0000 	C:\Windows\System32\IMM32.DLL
0x00007ff997d10000 - 0x00007ff997dab000 	C:\Program Files\Java\jdk-11.0.15\bin\msvcp140.dll
0x00007ff9971f0000 - 0x00007ff997d06000 	C:\Program Files\Java\jdk-11.0.15\bin\server\jvm.dll
0x00007ff9ad930000 - 0x00007ff9ad938000 	C:\Windows\System32\PSAPI.DLL
0x00007ff9971e0000 - 0x00007ff9971e9000 	C:\Windows\SYSTEM32\WSOCK32.dll
0x00007ff9ae8c0000 - 0x00007ff9ae92b000 	C:\Windows\System32\WS2_32.dll
0x00007ff9971b0000 - 0x00007ff9971d7000 	C:\Windows\SYSTEM32\WINMM.dll
0x00007ff9aa6f0000 - 0x00007ff9aa702000 	C:\Windows\SYSTEM32\kernel.appcore.dll
0x00007ff9970d0000 - 0x00007ff9970e0000 	C:\Program Files\Java\jdk-11.0.15\bin\verify.dll
0x00007ff99c460000 - 0x00007ff99c644000 	C:\Windows\SYSTEM32\DBGHELP.DLL
0x00007ff99e2b0000 - 0x00007ff99e2dc000 	C:\Windows\SYSTEM32\dbgcore.DLL
0x00007ff9acb90000 - 0x00007ff9acc12000 	C:\Windows\System32\bcryptPrimitives.dll
0x00007ff9970a0000 - 0x00007ff9970c8000 	C:\Program Files\Java\jdk-11.0.15\bin\java.dll
0x00007ff997090000 - 0x00007ff99709a000 	C:\Program Files\Java\jdk-11.0.15\bin\jimage.dll
0x00007ff994b20000 - 0x00007ff994b2e000 	C:\Program Files\Java\jdk-11.0.15\bin\instrument.dll
0x00007ff997070000 - 0x00007ff997086000 	C:\Program Files\Java\jdk-11.0.15\bin\zip.dll
0x00007ff9ae000000 - 0x00007ff9ae744000 	C:\Windows\System32\SHELL32.dll
0x00007ff9aa8f0000 - 0x00007ff9ab084000 	C:\Windows\SYSTEM32\windows.storage.dll
0x00007ff9ad150000 - 0x00007ff9ad4a4000 	C:\Windows\System32\combase.dll
0x00007ff9ac0c0000 - 0x00007ff9ac0f0000 	C:\Windows\SYSTEM32\Wldp.dll
0x00007ff9adaf0000 - 0x00007ff9adb9d000 	C:\Windows\System32\SHCORE.dll
0x00007ff9aef80000 - 0x00007ff9aefd5000 	C:\Windows\System32\shlwapi.dll
0x00007ff9ac750000 - 0x00007ff9ac76f000 	C:\Windows\SYSTEM32\profapi.dll
0x00007ff996da0000 - 0x00007ff996db9000 	C:\Program Files\Java\jdk-11.0.15\bin\net.dll
0x00007ff9a42c0000 - 0x00007ff9a43ca000 	C:\Windows\SYSTEM32\WINHTTP.dll
0x00007ff9abea0000 - 0x00007ff9abf0a000 	C:\Windows\system32\mswsock.dll
0x00007ff996d80000 - 0x00007ff996d92000 	C:\Program Files\Java\jdk-11.0.15\bin\nio.dll
0x00007ff993bd0000 - 0x00007ff993bea000 	C:\Program Files\JetBrains\IntelliJ IDEA Community Edition 2022.2.1\bin\breakgen64.dll
0x00007ff995770000 - 0x00007ff995779000 	C:\Program Files\Java\jdk-11.0.15\bin\management.dll
0x00007ff9956a0000 - 0x00007ff9956ab000 	C:\Program Files\Java\jdk-11.0.15\bin\management_ext.dll
0x00007ff9982f0000 - 0x00007ff998307000 	C:\Windows\system32\napinsp.dll
0x00007ff991f80000 - 0x00007ff991f9b000 	C:\Windows\system32\pnrpnsp.dll
0x00007ff991f60000 - 0x00007ff991f75000 	C:\Windows\system32\wshbth.dll
0x00007ff9a81d0000 - 0x00007ff9a81ed000 	C:\Windows\system32\NLAapi.dll
0x00007ff9abbb0000 - 0x00007ff9abbeb000 	C:\Windows\SYSTEM32\IPHLPAPI.DLL
0x00007ff9abc00000 - 0x00007ff9abcca000 	C:\Windows\SYSTEM32\DNSAPI.dll
0x00007ff9ade10000 - 0x00007ff9ade18000 	C:\Windows\System32\NSI.dll
0x00007ff991f40000 - 0x00007ff991f52000 	C:\Windows\System32\winrnr.dll
0x00007ff9a38d0000 - 0x00007ff9a38da000 	C:\Windows\System32\rasadhlp.dll
0x00007ff9a44d0000 - 0x00007ff9a4550000 	C:\Windows\System32\fwpuclnt.dll
0x00007ff9acc20000 - 0x00007ff9acc47000 	C:\Windows\System32\bcrypt.dll
0x00007ff9ac100000 - 0x00007ff9ac118000 	C:\Windows\SYSTEM32\CRYPTSP.dll
0x00007ff9ab840000 - 0x00007ff9ab874000 	C:\Windows\system32\rsaenh.dll
0x00007ff9ac710000 - 0x00007ff9ac73e000 	C:\Windows\SYSTEM32\USERENV.dll
0x00007ff9ac030000 - 0x00007ff9ac03c000 	C:\Windows\SYSTEM32\CRYPTBASE.dll
0x00007ff9a52e0000 - 0x00007ff9a52f7000 	C:\Windows\SYSTEM32\dhcpcsvc6.DLL
0x00007ff9a51d0000 - 0x00007ff9a51ed000 	C:\Windows\SYSTEM32\dhcpcsvc.DLL

dbghelp: loaded successfully - version: 4.0.5 - missing functions: none
symbol engine: initialized successfully - sym options: 0x614 - pdb path: .;C:\Program Files\Java\jdk-11.0.15\bin;C:\Windows\SYSTEM32;C:\Windows\WinSxS\amd64_microsoft.windows.common-controls_6595b64144ccf1df_6.0.19041.1110_none_60b5254171f9507e;C:\Program Files\Java\jdk-11.0.15\bin\server;C:\Program Files\JetBrains\IntelliJ IDEA Community Edition 2022.2.1\bin

VM Arguments:
jvm_args: -javaagent:C:\Program Files\JetBrains\IntelliJ IDEA Community Edition 2022.2.1\lib\idea_rt.jar=54155:C:\Program Files\JetBrains\IntelliJ IDEA Community Edition 2022.2.1\bin -Dfile.encoding=UTF-8 
java_command: com.training.springboot.SpringbootDemoApplication
java_class_path (initial): C:\Users\sfjbs\Downloads\springboot-demo\springboot-demo\target\classes;C:\Users\sfjbs\.m2\repository\org\springframework\boot\spring-boot-starter-validation\2.6.2\spring-boot-starter-validation-2.6.2.jar;C:\Users\sfjbs\.m2\repository\org\springframework\boot\spring-boot-starter\2.6.2\spring-boot-starter-2.6.2.jar;C:\Users\sfjbs\.m2\repository\org\springframework\boot\spring-boot-starter-logging\2.6.2\spring-boot-starter-logging-2.6.2.jar;C:\Users\sfjbs\.m2\repository\ch\qos\logback\logback-classic\1.2.9\logback-classic-1.2.9.jar;C:\Users\sfjbs\.m2\repository\ch\qos\logback\logback-core\1.2.9\logback-core-1.2.9.jar;C:\Users\sfjbs\.m2\repository\org\apache\logging\log4j\log4j-to-slf4j\2.17.0\log4j-to-slf4j-2.17.0.jar;C:\Users\sfjbs\.m2\repository\org\apache\logging\log4j\log4j-api\2.17.0\log4j-api-2.17.0.jar;C:\Users\sfjbs\.m2\repository\org\slf4j\jul-to-slf4j\1.7.32\jul-to-slf4j-1.7.32.jar;C:\Users\sfjbs\.m2\repository\jakarta\annotation\jakarta.annotation-api\1.3.5\jakarta.annotation-api-1.3.5.jar;C:\Users\sfjbs\.m2\repository\org\yaml\snakeyaml\1.29\snakeyaml-1.29.jar;C:\Users\sfjbs\.m2\repository\org\apache\tomcat\embed\tomcat-embed-el\9.0.56\tomcat-embed-el-9.0.56.jar;C:\Users\sfjbs\.m2\repository\org\hibernate\validator\hibernate-validator\6.2.0.Final\hibernate-validator-6.2.0.Final.jar;C:\Users\sfjbs\.m2\repository\jakarta\validation\jakarta.validation-api\2.0.2\jakarta.validation-api-2.0.2.jar;C:\Users\sfjbs\.m2\repository\org\jboss\logging\jboss-logging\3.4.2.Final\jboss-logging-3.4.2.Final.jar;C:\Users\sfjbs\.m2\repository\com\fasterxml\classmate\1.5.1\classmate-1.5.1.jar;C:\Users\sfjbs\.m2\repository\org\springframework\boot\spring-boot-starter-data-mongodb\2.6.2\spring-boot-starter-data-mongodb-2.6.2.jar;C:\Users\sfjbs\.m2\repository\org\mongodb\mongodb-driver-sync\4.4.0\mongodb-driver-sync-4.4.0.jar;C:\Users\sfjbs\.m2\repository\org\mongodb\bson\4.4.0\bson-4.4.0.jar;C:\Users\sfjbs\.m2\repository\org\mongodb\mongodb-driver-cor
Launcher Type: SUN_STANDARD

[Global flags]
     intx CICompilerCount                          = 2                                         {product} {ergonomic}
     uint ConcGCThreads                            = 1                                         {product} {ergonomic}
     uint G1ConcRefinementThreads                  = 2                                         {product} {ergonomic}
   size_t G1HeapRegionSize                         = 1048576                                   {product} {ergonomic}
    uintx GCDrainStackTargetSize                   = 64                                        {product} {ergonomic}
   size_t InitialHeapSize                          = 134217728                                 {product} {ergonomic}
   size_t MarkStackSize                            = 4194304                                   {product} {ergonomic}
   size_t MaxHeapSize                              = 2147483648                                {product} {ergonomic}
   size_t MaxNewSize                               = 1287651328                                {product} {ergonomic}
   size_t MinHeapDeltaBytes                        = 1048576                                   {product} {ergonomic}
    uintx NonNMethodCodeHeapSize                   = 5825164                                {pd product} {ergonomic}
    uintx NonProfiledCodeHeapSize                  = 122916538                              {pd product} {ergonomic}
    uintx ProfiledCodeHeapSize                     = 122916538                              {pd product} {ergonomic}
    uintx ReservedCodeCacheSize                    = 251658240                              {pd product} {ergonomic}
     bool SegmentedCodeCache                       = true                                      {product} {ergonomic}
     bool UseCompressedClassPointers               = true                                 {lp64_product} {ergonomic}
     bool UseCompressedOops                        = true                                 {lp64_product} {ergonomic}
     bool UseG1GC                                  = true                                      {product} {ergonomic}
     bool UseLargePagesIndividualAllocation        = false                                  {pd product} {ergonomic}

Logging:
Log output configuration:
 #0: stdout all=warning uptime,level,tags
 #1: stderr all=off uptime,level,tags

Environment Variables:
PATH=C:\Program Files\Common Files\Oracle\Java\javapath;C:\Windows\system32;C:\Windows;C:\Windows\System32\Wbem;C:\Windows\System32\WindowsPowerShell\v1.0\;C:\Windows\System32\OpenSSH\;C:\Program Files\PuTTY\;C:\Program Files\Git\cmd;C:\Program Files\Docker\Docker\resources\bin;C:\ProgramData\DockerDesktop\version-bin;C:\Users\sfjbs\Downloads\apache-maven-3.8.6-bin\apache-maven-3.8.6\bin;C:\Users\sfjbs\Downloads\apache-maven-3.8.6-bin\apache-maven-3.8.6\lib;C:\Users\sfjbs\AppData\Local\Microsoft\WindowsApps;C:\Program Files\JetBrains\IntelliJ IDEA Community Edition 2022.2.1\bin;;C:\Users\sfjbs\Downloads\apache-maven-3.8.6-bin\apache-maven-3.8.6\bin;C:\Users\sfjbs\Downloads\apache-maven-3.8.6-bin\apache-maven-3.8.6\lib;
USERNAME=sfjbs
OS=Windows_NT
PROCESSOR_IDENTIFIER=Intel64 Family 6 Model 85 Stepping 7, GenuineIntel



---------------  S Y S T E M  ---------------

OS: Windows 10 , 64 bit Build 19041 (10.0.19041.1889)
Hyper-V role detected

CPU:total 2 (initial active 2) (1 cores per cpu, 2 threads per core) family 6 model 85 stepping 7 microcode 0xffffffff, cmov, cx8, fxsr, mmx, sse, sse2, sse3, ssse3, sse4.1, sse4.2, popcnt, avx, avx2, aes, clmul, erms, rtm, 3dnowpref, lzcnt, ht, tsc, bmi1, bmi2, adx, evex, fma

Memory: 4k page, system-wide physical 8190M (624M free)
TotalPageFile size 10238M (AvailPageFile size 4M)
current process WorkingSet (physical memory assigned to process): 236M, peak: 258M
current process commit charge ("private bytes"): 339M, peak: 353M

vm_info: Java HotSpot(TM) 64-Bit Server VM (11.0.15+8-LTS-149) for windows-amd64 JRE (11.0.15+8-LTS-149), built on Mar  9 2022 22:42:32 by "mach5one" with MS VC++ 15.9 (VS2017)

END.
